#
# There is insufficient memory for the Java Runtime Environment to continue.
# Native memory allocation (mmap) failed to map 268435456 bytes for Failed to commit area from 0x0000000701c00000 to 0x0000000711c00000 of length 268435456.
# Possible reasons:
#   The system is out of physical RAM or swap space
#   The process is running with CompressedOops enabled, and the Java Heap may be blocking the growth of the native heap
# Possible solutions:
#   Reduce memory load on the system
#   Increase physical memory or swap space
#   Check if swap backing store is full
#   Decrease Java heap size (-Xmx/-Xms)
#   Decrease number of Java threads
#   Decrease Java thread stack sizes (-Xss)
#   Set larger code cache with -XX:ReservedCodeCacheSize=
# This output file may be truncated or incomplete.
#
#  Out of Memory Error (./src/hotspot/os/windows/os_windows.cpp:3619), pid=18148, tid=12024
#
# JRE version:  (11.0.13+7) (build )
# Java VM: OpenJDK 64-Bit Server VM (11.0.13+7-b1751.19, mixed mode, sharing, tiered, compressed oops, g1 gc, windows-amd64)
# No core dump will be written. Minidumps are not enabled by default on client versions of Windows
#

---------------  S U M M A R Y ------------

Command Line: git4idea.http.GitAskPassApp Username for 'https://github.com': 

Host: Intel(R) Core(TM) i7-7700HQ CPU @ 2.80GHz, 8 cores, 15G,  Windows 11 , 64 bit Build 22000 (10.0.22000.318)
Time: Sat Dec 18 15:17:56 2021 Œrodkowoeuropejski czas stand. elapsed time: 0.013631 seconds (0d 0h 0m 0s)

---------------  T H R E A D  ---------------

Current thread (0x00000243ef4f1800):  JavaThread "Unknown thread" [_thread_in_vm, id=12024, stack(0x000000dd79300000,0x000000dd79400000)]

Stack: [0x000000dd79300000,0x000000dd79400000]
Native frames: (J=compiled Java code, j=interpreted, Vv=VM code, C=native code)
V  [jvm.dll+0x613ada]
V  [jvm.dll+0x799a80]
V  [jvm.dll+0x79b09d]
V  [jvm.dll+0x79b773]
V  [jvm.dll+0x24c4c8]
V  [jvm.dll+0x610b64]
V  [jvm.dll+0x605855]
V  [jvm.dll+0x30aaeb]
V  [jvm.dll+0x30aa5a]
V  [jvm.dll+0x30a932]
V  [jvm.dll+0x30f896]
V  [jvm.dll+0x359293]
V  [jvm.dll+0x359996]
V  [jvm.dll+0x359393]
V  [jvm.dll+0x2e5308]
V  [jvm.dll+0x2e64b7]
V  [jvm.dll+0x7769c7]
V  [jvm.dll+0x7781bc]
V  [jvm.dll+0x366829]
V  [jvm.dll+0x75a52e]
V  [jvm.dll+0x3d4923]
V  [jvm.dll+0x3d6e91]
C  [jli.dll+0x536b]
C  [ucrtbase.dll+0x26c0c]
C  [KERNEL32.DLL+0x154e0]
C  [ntdll.dll+0x485b]


---------------  P R O C E S S  ---------------

Threads class SMR info:
_java_thread_list=0x00000243ed3157b0, length=0, elements={
}

Java Threads: ( => current thread )

Other Threads:
  0x00000243ef508000 GCTaskThread "GC Thread#0" [stack: 0x000000dd79400000,0x000000dd79500000] [id=13644]
  0x00000243ef564800 ConcurrentGCThread "G1 Main Marker" [stack: 0x000000dd79500000,0x000000dd79600000] [id=6244]
  0x00000243ef565800 ConcurrentGCThread "G1 Conc#0" [stack: 0x000000dd79600000,0x000000dd79700000] [id=2600]

[error occurred during error reporting (printing all threads), id 0xc0000005, EXCEPTION_ACCESS_VIOLATION (0xc0000005) at pc=0x00007ffc78e15b77]

VM state:not at safepoint (not fully initialized)

VM Mutex/Monitor currently owned by a thread:  ([mutex/lock_event])
[0x00000243ef4eb8d0] Heap_lock - owner thread: 0x00000243ef4f1800

Heap address: 0x0000000701c00000, size: 4068 MB, Compressed Oops mode: Non-zero based: 0x0000000701c00000
Narrow klass base: 0x0000000000000000, Narrow klass shift: 0

GC Heap History (0 events):
No events

Deoptimization events (0 events):
No events

Classes redefined (0 events):
No events

Internal exceptions (0 events):
No events

Events (1 events):
Event: 0.008 Loaded shared library Y:\Programy\IntelliJ IDEA 213.4293.20\IntelliJ IDEA 2021.3\jbr\bin\zip.dll


Dynamic libraries:
0x00007ff774a40000 - 0x00007ff774a4a000 	Y:\Programy\IntelliJ IDEA 213.4293.20\IntelliJ IDEA 2021.3\jbr\bin\java.exe
0x00007ffd1ab80000 - 0x00007ffd1ad87000 	C:\WINDOWS\SYSTEM32\ntdll.dll
0x00007ffd19e20000 - 0x00007ffd19edd000 	C:\WINDOWS\System32\KERNEL32.DLL
0x00007ffd183c0000 - 0x00007ffd18734000 	C:\WINDOWS\System32\KERNELBASE.dll
0x00007ffd181f0000 - 0x00007ffd18301000 	C:\WINDOWS\System32\ucrtbase.dll
0x00007ffcf3e50000 - 0x00007ffcf3e69000 	Y:\Programy\IntelliJ IDEA 213.4293.20\IntelliJ IDEA 2021.3\jbr\bin\jli.dll
0x00007ffcf2100000 - 0x00007ffcf2117000 	Y:\Programy\IntelliJ IDEA 213.4293.20\IntelliJ IDEA 2021.3\jbr\bin\VCRUNTIME140.dll
0x00007ffd19340000 - 0x00007ffd194ec000 	C:\WINDOWS\System32\USER32.dll
0x00007ffcfa170000 - 0x00007ffcfa415000 	C:\WINDOWS\WinSxS\amd64_microsoft.windows.common-controls_6595b64144ccf1df_6.0.22000.120_none_9d947278b86cc467\COMCTL32.dll
0x00007ffd18310000 - 0x00007ffd18336000 	C:\WINDOWS\System32\win32u.dll
0x00007ffd19980000 - 0x00007ffd19a23000 	C:\WINDOWS\System32\msvcrt.dll
0x00007ffd19d70000 - 0x00007ffd19d99000 	C:\WINDOWS\System32\GDI32.dll
0x00007ffd180d0000 - 0x00007ffd181e2000 	C:\WINDOWS\System32\gdi32full.dll
0x00007ffd18970000 - 0x00007ffd18a0d000 	C:\WINDOWS\System32\msvcp_win.dll
0x00007ffd19300000 - 0x00007ffd19331000 	C:\WINDOWS\System32\IMM32.DLL
0x00007ffcd3180000 - 0x00007ffcd321d000 	Y:\Programy\IntelliJ IDEA 213.4293.20\IntelliJ IDEA 2021.3\jbr\bin\msvcp140.dll
0x00007ffc78b20000 - 0x00007ffc79696000 	Y:\Programy\IntelliJ IDEA 213.4293.20\IntelliJ IDEA 2021.3\jbr\bin\server\jvm.dll
0x00007ffd1aa90000 - 0x00007ffd1ab3c000 	C:\WINDOWS\System32\ADVAPI32.dll
0x00007ffd19cd0000 - 0x00007ffd19d6d000 	C:\WINDOWS\System32\sechost.dll
0x00007ffd19a30000 - 0x00007ffd19b51000 	C:\WINDOWS\System32\RPCRT4.dll
0x00007ffd19ee0000 - 0x00007ffd19ee8000 	C:\WINDOWS\System32\PSAPI.DLL
0x00007ffd13660000 - 0x00007ffd13693000 	C:\WINDOWS\SYSTEM32\WINMM.dll
0x00007ffd06720000 - 0x00007ffd06729000 	C:\WINDOWS\SYSTEM32\WSOCK32.dll
0x00007ffd11900000 - 0x00007ffd1190a000 	C:\WINDOWS\SYSTEM32\VERSION.dll
0x00007ffd19db0000 - 0x00007ffd19e1f000 	C:\WINDOWS\System32\WS2_32.dll
0x00007ffd17180000 - 0x00007ffd17198000 	C:\WINDOWS\SYSTEM32\kernel.appcore.dll
0x00007ffd003c0000 - 0x00007ffd003d1000 	Y:\Programy\IntelliJ IDEA 213.4293.20\IntelliJ IDEA 2021.3\jbr\bin\verify.dll
0x00007ffd10cf0000 - 0x00007ffd10f11000 	C:\WINDOWS\SYSTEM32\DBGHELP.DLL
0x00007ffd11000000 - 0x00007ffd11031000 	C:\WINDOWS\SYSTEM32\dbgcore.DLL
0x00007ffd18340000 - 0x00007ffd183bf000 	C:\WINDOWS\System32\bcryptPrimitives.dll
0x00007ffcfb8d0000 - 0x00007ffcfb8f9000 	Y:\Programy\IntelliJ IDEA 213.4293.20\IntelliJ IDEA 2021.3\jbr\bin\java.dll
0x00007ffd01690000 - 0x00007ffd0169b000 	Y:\Programy\IntelliJ IDEA 213.4293.20\IntelliJ IDEA 2021.3\jbr\bin\jimage.dll
0x00007ffcfdb90000 - 0x00007ffcfdba8000 	Y:\Programy\IntelliJ IDEA 213.4293.20\IntelliJ IDEA 2021.3\jbr\bin\zip.dll

dbghelp: loaded successfully - version: 4.0.5 - missing functions: none
symbol engine: initialized successfully - sym options: 0x614 - pdb path: .;Y:\Programy\IntelliJ IDEA 213.4293.20\IntelliJ IDEA 2021.3\jbr\bin;C:\WINDOWS\SYSTEM32;C:\WINDOWS\WinSxS\amd64_microsoft.windows.common-controls_6595b64144ccf1df_6.0.22000.120_none_9d947278b86cc467;Y:\Programy\IntelliJ IDEA 213.4293.20\IntelliJ IDEA 2021.3\jbr\bin\server

VM Arguments:
java_command: git4idea.http.GitAskPassApp Username for 'https://github.com': 
java_class_path (initial): Y:/Programy/IntelliJ IDEA 213.4293.20/IntelliJ IDEA 2021.3/plugins/git4idea/lib/git4idea-rt.jar;Y:/Programy/IntelliJ IDEA 213.4293.20/IntelliJ IDEA 2021.3/lib/3rd-party.jar;Y:/Programy/IntelliJ IDEA 213.4293.20/IntelliJ IDEA 2021.3/lib/3rd-party-rt.jar
Launcher Type: SUN_STANDARD

[Global flags]
     intx CICompilerCount                          = 4                                         {product} {ergonomic}
     uint ConcGCThreads                            = 2                                         {product} {ergonomic}
     uint G1ConcRefinementThreads                  = 8                                         {product} {ergonomic}
   size_t G1HeapRegionSize                         = 1048576                                   {product} {ergonomic}
    uintx GCDrainStackTargetSize                   = 64                                        {product} {ergonomic}
   size_t InitialHeapSize                          = 268435456                                 {product} {ergonomic}
   size_t MarkStackSize                            = 4194304                                   {product} {ergonomic}
   size_t MaxHeapSize                              = 4265607168                                {product} {ergonomic}
   size_t MinHeapDeltaBytes                        = 1048576                                   {product} {ergonomic}
    uintx NonNMethodCodeHeapSize                   = 5836300                                {pd product} {ergonomic}
    uintx NonProfiledCodeHeapSize                  = 122910970                              {pd product} {ergonomic}
    uintx ProfiledCodeHeapSize                     = 122910970                              {pd product} {ergonomic}
    uintx ReservedCodeCacheSize                    = 251658240                              {pd product} {ergonomic}
     bool SegmentedCodeCache                       = true                                      {product} {ergonomic}
     bool UseCompressedClassPointers               = true                                 {lp64_product} {ergonomic}
     bool UseCompressedOops                        = true                                 {lp64_product} {ergonomic}
     bool UseG1GC                                  = true                                      {product} {ergonomic}
     bool UseLargePagesIndividualAllocation        = false                                  {pd product} {ergonomic}

Logging:
Log output configuration:
 #0: stdout all=warning uptime,level,tags
 #1: stderr all=off uptime,level,tags

Environment Variables:
JAVA_HOME=C:\Program Files\JAVA\jdk-17
PATH=C:\Program Files\Git\mingw64\libexec\git-core;C:\Program Files\Git\mingw64\libexec\git-core;C:\Program Files\Git\mingw64\bin;C:\Program Files\Git\usr\bin;C:\Users\mzaja\bin;C:\Program Files (x86)\Common Files\Oracle\Java\javapath;C:\Windows\system32;C:\Windows;C:\Windows\System32\Wbem;C:\Windows\System32\WindowsPowerShell\v1.0;C:\Windows\System32\OpenSSH;C:\Program Files\JAVA\jdk-17\bin;C:\Program Files\Git\cmd;C:\Program Files\NVIDIA Corporation\NVIDIA NvDLISR;C:\Program Files\dotnet;C:\Program Files (x86)\NVIDIA Corporation\PhysX\Common;C:\WINDOWS\system32;C:\WINDOWS;C:\WINDOWS\System32\Wbem;C:\WINDOWS\System32\WindowsPowerShell\v1.0;C:\WINDOWS\System32\OpenSSH;C:\Program Files\Maven\apache-maven-3.8.4;C:\Program Files\JAVA\jdk-17\bin;C:\Program Files\Maven\apache-maven-3.8.4\bin;C:\Users\mzaja\AppData\Local\Microsoft\WindowsApps;Y:\Programy\IntelliJ IDEA 213.4293.20\bin;C:\Users\mzaja\AppData\Local\GitHubDesktop\bin;C:\Program Files\Maven\apache-maven-3.8.4\bin;C:\Program Files\JAVA\jdk-17\bin
USERNAME=mzaja
DISPLAY=:0.0
LC_ALL=en_US.UTF-8
OS=Windows_NT
PROCESSOR_IDENTIFIER=Intel64 Family 6 Model 158 Stepping 9, GenuineIntel



---------------  S Y S T E M  ---------------

OS: Windows 11 , 64 bit Build 22000 (10.0.22000.318)
OS uptime: 1 days 17:56 hours

CPU:total 8 (initial active 8) (4 cores per cpu, 2 threads per core) family 6 model 158 stepping 9 microcode 0xde, cmov, cx8, fxsr, mmx, sse, sse2, sse3, ssse3, sse4.1, sse4.2, popcnt, avx, avx2, aes, clmul, erms, 3dnowpref, lzcnt, ht, tsc, tscinvbit, bmi1, bmi2, adx, fma

Memory: 4k page, system-wide physical 16268M (3661M free)
TotalPageFile size 28975M (AvailPageFile size 58M)
current process WorkingSet (physical memory assigned to process): 10M, peak: 10M
current process commit charge ("private bytes"): 60M, peak: 316M

vm_info: OpenJDK 64-Bit Server VM (11.0.13+7-b1751.19) for windows-amd64 JRE (11.0.13+7-b1751.19), built on Nov  9 2021 11:31:28 by "" with MS VC++ 14.0 (VS2015)

END.
